Start Schedule At :13/09/2016 08:30:00
Process 1505 of 1505
Delivery201609 Created (607)
Delivery201609 Get! (525)
Diff Header=102
Delivery201609_1.json Created!
Delivery201609_2.json Created!
Delivery201609_3.json Created!
Delivery201609 No data deleted!
Delivery201608 Created (2158)
Delivery201608 Get! (2306)
Diff Header=62
Delivery201608_1.json Created!
Delivery201608_2.json Created!
Delivery201607 Created (2112)
Delivery201607 Get! (3057)
Diff Header=2
Delivery201607_1.json Created!
Complete!->File Delivery201607_1.json uploaded
Complete!->File Delivery201608_1.json uploaded
Complete!->File Delivery201608_2.json uploaded
Complete!->File Delivery201609_1.json uploaded
Complete!->File Delivery201609_2.json uploaded
Complete!->File Delivery201609_3.json uploaded
Open Delivery201607:Delivery201607 Opened!
Read Delivery201607_1.json:Completed! Delivery201607_1 files=1 rec=2 add=0,update=0
Read Delivery201608_1.json:Completed! Delivery201608_1 files=1 rec=50 add=0,update=0
Read Delivery201608_2.json:Completed! Delivery201608_2 files=1 rec=12 add=0,update=0
Read Delivery201609_1.json:Completed! Delivery201609_1 files=1 rec=50 add=0,update=0
Read Delivery201609_2.json:Completed! Delivery201609_2 files=1 rec=50 add=0,update=2
Save Delivery201607:Delivery201607 Updated!
Open Delivery201609:Delivery201609 Opened!
Read Delivery201609_3.json:Completed! Delivery201609_3 files=1 rec=2 add=0,update=2
Save Delivery201609:Delivery201609 Updated!
End Schedule At :13/09/2016 08:30:16
Start Schedule At :13/09/2016 09:00:00
Process 1505 of 1505
Delivery201609 Created (607)
Delivery201609 Get! (525)
Diff Header=170
Delivery201609_1.json Created!
Delivery201609_2.json Created!
Delivery201609_3.json Created!
Delivery201609_4.json Created!
Delivery201609 No data deleted!
Delivery201608 Created (2158)
Delivery201608 Get! (2306)
Diff Header=62
Delivery201608_1.json Created!
Delivery201608_2.json Created!
Delivery201607 Created (2112)
Delivery201607 Get! (3057)
Diff Header=2
Delivery201607_1.json Created!
Complete!->File Delivery201607_1.json uploaded
Complete!->File Delivery201608_1.json uploaded
Complete!->File Delivery201608_2.json uploaded
Complete!->File Delivery201609_1.json uploaded
Complete!->File Delivery201609_2.json uploaded
Complete!->File Delivery201609_3.json uploaded
Complete!->File Delivery201609_4.json uploaded
Open Delivery201607:Delivery201607 Opened!
Read Delivery201607_1.json:Completed! Delivery201607_1 files=1 rec=2 add=0,update=0
Read Delivery201608_1.json:Completed! Delivery201608_1 files=1 rec=50 add=0,update=0
Read Delivery201608_2.json:Completed! Delivery201608_2 files=1 rec=12 add=0,update=0
Read Delivery201609_1.json:Completed! Delivery201609_1 files=1 rec=50 add=1,update=1
Read Delivery201609_2.json:Completed! Delivery201609_2 files=1 rec=50 add=1,update=30
Save Delivery201607:Delivery201607 Updated!
Open Delivery201609:Delivery201609 Opened!
Read Delivery201609_3.json:Completed! Delivery201609_3 files=1 rec=50 add=2,update=48
Read Delivery201609_4.json:Completed! Delivery201609_4 files=1 rec=20 add=0,update=20
Save Delivery201609:Delivery201609 Updated!
End Schedule At :13/09/2016 09:00:21
Start Schedule At :13/09/2016 09:30:00
Process 1505 of 1505
Delivery201609 Created (613)
Delivery201609 Get! (527)
Diff Header=115
Delivery201609_1.json Created!
Delivery201609_2.json Created!
Delivery201609_3.json Created!
Delivery201609 No data deleted!
Delivery201608 Created (2158)
Delivery201608 Get! (2306)
Diff Header=62
Delivery201608_1.json Created!
Delivery201608_2.json Created!
Delivery201607 Created (2112)
Delivery201607 Get! (3059)
Diff Header=2
Delivery201607_1.json Created!
Complete!->File Delivery201607_1.json uploaded
Complete!->File Delivery201608_1.json uploaded
Complete!->File Delivery201608_2.json uploaded
Complete!->File Delivery201609_1.json uploaded
Complete!->File Delivery201609_2.json uploaded
Complete!->File Delivery201609_3.json uploaded
Open Delivery201607:Delivery201607 Opened!
Read Delivery201607_1.json:Completed! Delivery201607_1 files=1 rec=2 add=0,update=0
Read Delivery201608_1.json:Completed! Delivery201608_1 files=1 rec=50 add=0,update=0
Read Delivery201608_2.json:Completed! Delivery201608_2 files=1 rec=12 add=0,update=0
Read Delivery201609_1.json:Completed! Delivery201609_1 files=1 rec=50 add=0,update=0
Read Delivery201609_2.json:Completed! Delivery201609_2 files=1 rec=50 add=0,update=0
Save Delivery201607:Delivery201607 Updated!
Open Delivery201609:Delivery201609 Opened!
Read Delivery201609_3.json:Completed! Delivery201609_3 files=1 rec=15 add=6,update=9
Save Delivery201609:Delivery201609 Updated!
End Schedule At :13/09/2016 09:30:15
Start Schedule At :13/09/2016 10:00:00
Process 1505 of 1505
Delivery201609 Created (619)
Delivery201609 Get! (533)
Diff Header=112
Delivery201609_1.json Created!
Delivery201609_2.json Created!
Delivery201609_3.json Created!
Delivery201609 No data deleted!
Delivery201608 Created (2158)
Delivery201608 Get! (2306)
Diff Header=62
Delivery201608_1.json Created!
Delivery201608_2.json Created!
Delivery201607 Created (2112)
Delivery201607 Get! (3059)
Diff Header=2
Delivery201607_1.json Created!
Complete!->File Delivery201607_1.json uploaded
Complete!->File Delivery201608_1.json uploaded
Complete!->File Delivery201608_2.json uploaded
Complete!->File Delivery201609_1.json uploaded
Complete!->File Delivery201609_2.json uploaded
Complete!->File Delivery201609_3.json uploaded
Open Delivery201607:Delivery201607 Opened!
Read Delivery201607_1.json:Completed! Delivery201607_1 files=1 rec=2 add=0,update=0
Read Delivery201608_1.json:Completed! Delivery201608_1 files=1 rec=50 add=0,update=0
Read Delivery201608_2.json:Completed! Delivery201608_2 files=1 rec=12 add=0,update=0
Read Delivery201609_1.json:Completed! Delivery201609_1 files=1 rec=50 add=0,update=0
Read Delivery201609_2.json:Completed! Delivery201609_2 files=1 rec=50 add=0,update=0
Save Delivery201607:Delivery201607 Updated!
Open Delivery201609:Delivery201609 Opened!
Read Delivery201609_3.json:Completed! Delivery201609_3 files=1 rec=12 add=6,update=6
Save Delivery201609:Delivery201609 Updated!
End Schedule At :13/09/2016 10:00:14
Start Schedule At :13/09/2016 10:30:00
Process 1505 of 1505
Delivery201609 Created (622)
Delivery201609 Get! (539)
Diff Header=118
Delivery201609_1.json Created!
Delivery201609_2.json Created!
Delivery201609_3.json Created!
Delivery201609 No data deleted!
Delivery201608 Created (2158)
Delivery201608 Get! (2306)
Diff Header=62
Delivery201608_1.json Created!
Delivery201608_2.json Created!
Delivery201607 Created (2112)
Delivery201607 Get! (3059)
Diff Header=2
Delivery201607_1.json Created!
Complete!->File Delivery201607_1.json uploaded
Complete!->File Delivery201608_1.json uploaded
Complete!->File Delivery201608_2.json uploaded
Complete!->File Delivery201609_1.json uploaded
Complete!->File Delivery201609_2.json uploaded
Complete!->File Delivery201609_3.json uploaded
Open Delivery201607:Delivery201607 Opened!
Read Delivery201607_1.json:Completed! Delivery201607_1 files=1 rec=2 add=0,update=0
Read Delivery201608_1.json:Completed! Delivery201608_1 files=1 rec=50 add=0,update=0
Read Delivery201608_2.json:Completed! Delivery201608_2 files=1 rec=12 add=0,update=0
Read Delivery201609_1.json:Completed! Delivery201609_1 files=1 rec=50 add=0,update=0
Read Delivery201609_2.json:Completed! Delivery201609_2 files=1 rec=50 add=0,update=0
Save Delivery201607:Delivery201607 Updated!
Open Delivery201609:Delivery201609 Opened!
Read Delivery201609_3.json:Completed! Delivery201609_3 files=1 rec=18 add=3,update=15
Save Delivery201609:Delivery201609 Updated!
End Schedule At :13/09/2016 10:30:13
Start Schedule At :13/09/2016 11:00:00
Process 1505 of 1505
Delivery201609 Created (626)
Delivery201609 Get! (542)
Diff Header=116
Delivery201609_1.json Created!
Delivery201609_2.json Created!
Delivery201609_3.json Created!
Delivery201609 No data deleted!
Delivery201608 Created (2158)
Delivery201608 Get! (2306)
Diff Header=62
Delivery201608_1.json Created!
Delivery201608_2.json Created!
Delivery201607 Created (2112)
Delivery201607 Get! (3059)
Diff Header=2
Delivery201607_1.json Created!
Complete!->File Delivery201607_1.json uploaded
Complete!->File Delivery201608_1.json uploaded
Complete!->File Delivery201608_2.json uploaded
Complete!->File Delivery201609_1.json uploaded
Complete!->File Delivery201609_2.json uploaded
Complete!->File Delivery201609_3.json uploaded
Open Delivery201607:Delivery201607 Opened!
Read Delivery201607_1.json:Completed! Delivery201607_1 files=1 rec=2 add=0,update=0
Read Delivery201608_1.json:Completed! Delivery201608_1 files=1 rec=50 add=0,update=0
Read Delivery201608_2.json:Completed! Delivery201608_2 files=1 rec=12 add=0,update=0
Read Delivery201609_1.json:Completed! Delivery201609_1 files=1 rec=50 add=0,update=0
Read Delivery201609_2.json:Completed! Delivery201609_2 files=1 rec=50 add=0,update=1
Save Delivery201607:Delivery201607 Updated!
Open Delivery201609:Delivery201609 Opened!
Read Delivery201609_3.json:Completed! Delivery201609_3 files=1 rec=16 add=4,update=12
Save Delivery201609:Delivery201609 Updated!
End Schedule At :13/09/2016 11:00:15
Start Schedule At :13/09/2016 11:30:00
Process 1505 of 1505
Delivery201609 Created (627)
Delivery201609 Get! (546)
Diff Header=101
Delivery201609_1.json Created!
Delivery201609_2.json Created!
Delivery201609_3.json Created!
Delivery201609 No data deleted!
Delivery201608 Created (2158)
Delivery201608 Get! (2306)
Diff Header=62
Delivery201608_1.json Created!
Delivery201608_2.json Created!
Delivery201607 Created (2112)
Delivery201607 Get! (3059)
Diff Header=2
Delivery201607_1.json Created!
Complete!->File Delivery201607_1.json uploaded
Complete!->File Delivery201608_1.json uploaded
Complete!->File Delivery201608_2.json uploaded
Complete!->File Delivery201609_1.json uploaded
Complete!->File Delivery201609_2.json uploaded
Complete!->File Delivery201609_3.json uploaded
Open Delivery201607:Delivery201607 Opened!
Read Delivery201607_1.json:Completed! Delivery201607_1 files=1 rec=2 add=0,update=0
Read Delivery201608_1.json:Completed! Delivery201608_1 files=1 rec=50 add=0,update=0
Read Delivery201608_2.json:Completed! Delivery201608_2 files=1 rec=12 add=0,update=0
Read Delivery201609_1.json:Completed! Delivery201609_1 files=1 rec=50 add=0,update=0
Read Delivery201609_2.json:Completed! Delivery201609_2 files=1 rec=50 add=0,update=0
Save Delivery201607:Delivery201607 Updated!
Open Delivery201609:Delivery201609 Opened!
Read Delivery201609_3.json:Completed! Delivery201609_3 files=1 rec=1 add=1,update=0
Save Delivery201609:Delivery201609 Updated!
End Schedule At :13/09/2016 11:30:15
