Start Schedule At :4/5/2016 11:00:00 AM
Process 1290 of 1290
Delivery201604 Created (414)
DeliveryDetails201604 Created (12197)
Delivery201604 Get! (407)
DeliveryDetails201604 Get! (11967)
Diff Header=7
Delivery201604_1.json Created!
Delivery201604 No data deleted!
Diff Detail=230
DeliveryDetails201604_1.json Created!
DeliveryDetails201604_2.json Created!
DeliveryDetails201604_3.json Created!
DeliveryDetails201604_4.json Created!
DeliveryDetails201604_5.json Created!
DeliveryDetails201604 No data deleted!
Delivery201603 Created (1999)
DeliveryDetails201603 Created (54370)
Delivery201603 Get! (1999)
DeliveryDetails201603 Get! (54370)
Diff Header=0
Delivery201603 No data deleted!
Diff Detail=0
DeliveryDetails201603 No data deleted!
Delivery201602 Created (2240)
DeliveryDetails201602 Created (62819)
Delivery201602 Get! (2240)
DeliveryDetails201602 Get! (62819)
Diff Header=0
Delivery201602 No data deleted!
Diff Detail=0
DeliveryDetails201602 No data deleted!
Complete!->File Delivery201604_1.json uploaded
Complete!->File DeliveryDetails201604_1.json uploaded
Complete!->File DeliveryDetails201604_2.json uploaded
Complete!->File DeliveryDetails201604_3.json uploaded
Complete!->File DeliveryDetails201604_4.json uploaded
Complete!->File DeliveryDetails201604_5.json uploaded
Completed! Delivery201604 files=1 rec=7 add=7,update=0

Completed! DeliveryDetails201604 files=5 rec=230 add=230,update=0

Completed! Delivery201603 files=0 rec=0 add=0,update=0

Completed! DeliveryDetails201603 files=0 rec=0 add=0,update=0

End Schedule At :4/5/2016 11:01:33 AM
